<?xml version="1.0" encoding="UTF-8"?>
<testng-results skipped="0" failed="0" ignored="0" total="11" passed="11">
  <reporter-output>
  </reporter-output>
  <suite name="Default suite" duration-ms="1448" started-at="2019-06-27T18:28:53Z" finished-at="2019-06-27T18:28:54Z">
    <groups>
    </groups>
    <test name="Default test" duration-ms="1448" started-at="2019-06-27T18:28:53Z" finished-at="2019-06-27T18:28:54Z">
      <class name="demo.DemoTestData">
        <test-method status="PASS" signature="printTestData(java.lang.String, java.lang.String)[pri:0, instance:demo.DemoTestData@3e6fa38a]" name="printTestData" duration-ms="43" started-at="2019-06-27T18:28:54Z" data-provider="getData" finished-at="2019-06-27T18:28:54Z">
          <params>
            <param index="0">
              <value>
                <![CDATA[Saurabh]]>
              </value>
            </param>
            <param index="1">
              <value>
                <![CDATA[Dhingra]]>
              </value>
            </param>
          </params>
          <reporter-output>
          </reporter-output>
        </test-method> <!-- printTestData -->
        <test-method status="PASS" signature="printTestData(java.lang.String, java.lang.String)[pri:0, instance:demo.DemoTestData@3e6fa38a]" name="printTestData" duration-ms="6" started-at="2019-06-27T18:28:54Z" data-provider="getData" finished-at="2019-06-27T18:28:54Z">
          <params>
            <param index="0">
              <value>
                <![CDATA[Gaurav]]>
              </value>
            </param>
            <param index="1">
              <value>
                <![CDATA[Yadav]]>
              </value>
            </param>
          </params>
          <reporter-output>
          </reporter-output>
        </test-method> <!-- printTestData -->
        <test-method status="PASS" signature="printTestData(java.lang.String, java.lang.String)[pri:0, instance:demo.DemoTestData@3e6fa38a]" name="printTestData" duration-ms="3" started-at="2019-06-27T18:28:54Z" data-provider="getData" finished-at="2019-06-27T18:28:54Z">
          <params>
            <param index="0">
              <value>
                <![CDATA[Saurabh]]>
              </value>
            </param>
            <param index="1">
              <value>
                <![CDATA[Dhingra]]>
              </value>
            </param>
          </params>
          <reporter-output>
          </reporter-output>
        </test-method> <!-- printTestData -->
        <test-method status="PASS" signature="printTestData(java.lang.String, java.lang.String)[pri:0, instance:demo.DemoTestData@3e6fa38a]" name="printTestData" duration-ms="5" started-at="2019-06-27T18:28:54Z" data-provider="getData" finished-at="2019-06-27T18:28:54Z">
          <params>
            <param index="0">
              <value>
                <![CDATA[Gaurav]]>
              </value>
            </param>
            <param index="1">
              <value>
                <![CDATA[Yadav]]>
              </value>
            </param>
          </params>
          <reporter-output>
          </reporter-output>
        </test-method> <!-- printTestData -->
        <test-method status="PASS" signature="printTestData(java.lang.String, java.lang.String)[pri:0, instance:demo.DemoTestData@3e6fa38a]" name="printTestData" duration-ms="2" started-at="2019-06-27T18:28:54Z" data-provider="getData" finished-at="2019-06-27T18:28:54Z">
          <params>
            <param index="0">
              <value>
                <![CDATA[Saurabh]]>
              </value>
            </param>
            <param index="1">
              <value>
                <![CDATA[Dhingra]]>
              </value>
            </param>
          </params>
          <reporter-output>
          </reporter-output>
        </test-method> <!-- printTestData -->
        <test-method status="PASS" signature="printTestData(java.lang.String, java.lang.String)[pri:0, instance:demo.DemoTestData@3e6fa38a]" name="printTestData" duration-ms="2" started-at="2019-06-27T18:28:54Z" data-provider="getData" finished-at="2019-06-27T18:28:54Z">
          <params>
            <param index="0">
              <value>
                <![CDATA[Gaurav]]>
              </value>
            </param>
            <param index="1">
              <value>
                <![CDATA[Yadav]]>
              </value>
            </param>
          </params>
          <reporter-output>
          </reporter-output>
        </test-method> <!-- printTestData -->
        <test-method status="PASS" signature="printTestData(java.lang.String, java.lang.String)[pri:0, instance:demo.DemoTestData@3e6fa38a]" name="printTestData" duration-ms="2" started-at="2019-06-27T18:28:54Z" data-provider="getData" finished-at="2019-06-27T18:28:54Z">
          <params>
            <param index="0">
              <value>
                <![CDATA[Saurabh]]>
              </value>
            </param>
            <param index="1">
              <value>
                <![CDATA[Dhingra]]>
              </value>
            </param>
          </params>
          <reporter-output>
          </reporter-output>
        </test-method> <!-- printTestData -->
        <test-method status="PASS" signature="printTestData(java.lang.String, java.lang.String)[pri:0, instance:demo.DemoTestData@3e6fa38a]" name="printTestData" duration-ms="19" started-at="2019-06-27T18:28:54Z" data-provider="getData" finished-at="2019-06-27T18:28:54Z">
          <params>
            <param index="0">
              <value>
                <![CDATA[Gaurav]]>
              </value>
            </param>
            <param index="1">
              <value>
                <![CDATA[Yadav]]>
              </value>
            </param>
          </params>
          <reporter-output>
          </reporter-output>
        </test-method> <!-- printTestData -->
        <test-method status="PASS" signature="printTestData(java.lang.String, java.lang.String)[pri:0, instance:demo.DemoTestData@3e6fa38a]" name="printTestData" duration-ms="2" started-at="2019-06-27T18:28:54Z" data-provider="getData" finished-at="2019-06-27T18:28:54Z">
          <params>
            <param index="0">
              <value>
                <![CDATA[Saurabh]]>
              </value>
            </param>
            <param index="1">
              <value>
                <![CDATA[Dhingra]]>
              </value>
            </param>
          </params>
          <reporter-output>
          </reporter-output>
        </test-method> <!-- printTestData -->
        <test-method status="PASS" signature="printTestData(java.lang.String, java.lang.String)[pri:0, instance:demo.DemoTestData@3e6fa38a]" name="printTestData" duration-ms="2" started-at="2019-06-27T18:28:54Z" data-provider="getData" finished-at="2019-06-27T18:28:54Z">
          <params>
            <param index="0">
              <value>
                <![CDATA[Gaurav]]>
              </value>
            </param>
            <param index="1">
              <value>
                <![CDATA[Yadav]]>
              </value>
            </param>
          </params>
          <reporter-output>
          </reporter-output>
        </test-method> <!-- printTestData -->
        <test-method status="PASS" signature="printTestData(java.lang.String, java.lang.String)[pri:0, instance:demo.DemoTestData@3e6fa38a]" name="printTestData" duration-ms="2" started-at="2019-06-27T18:28:54Z" data-provider="getData" finished-at="2019-06-27T18:28:54Z">
          <params>
            <param index="0">
              <value>
                <![CDATA[Saurabh]]>
              </value>
            </param>
            <param index="1">
              <value>
                <![CDATA[Dhingra]]>
              </value>
            </param>
          </params>
          <reporter-output>
          </reporter-output>
        </test-method> <!-- printTestData -->
      </class> <!-- demo.DemoTestData -->
    </test> <!-- Default test -->
  </suite> <!-- Default suite -->
</testng-results>
